开始生成缩略图...
找到 3 个需要处理缩略图的图片
处理图片 ID: 14
✅ 成功生成缩略图: thumb_9f315dbf-0039-48d0-b791-1c07f3b64acd.jpg
处理图片 ID: 15
✅ 成功生成缩略图: thumb_4baa0d75-b42f-4ead-975a-d783e20b4e28.jpg
处理图片 ID: 16
✅ 成功生成缩略图: thumb_d0f6ea85-fcb4-4ade-97e1-fffffcc77c82.jpg
缩略图生成完成！成功处理 3 个图片
开始生成缩略图...
找到 1 个需要处理缩略图的图片
处理图片 ID: 17
✅ 成功生成缩略图: thumb_b9591aff-5802-4a15-b1cc-e61624171a1f.jpg
缩略图生成完成！成功处理 1 个图片
开始生成缩略图...
找到 0 个需要处理缩略图的图片
缩略图生成完成！成功处理 0 个图片
开始生成缩略图...
找到 0 个需要处理缩略图的图片
缩略图生成完成！成功处理 0 个图片
开始生成缩略图...
找到 0 个需要处理缩略图的图片
缩略图生成完成！成功处理 0 个图片
开始生成缩略图...
找到 0 个需要处理缩略图的图片
缩略图生成完成！成功处理 0 个图片
开始生成缩略图...
找到 0 个需要处理缩略图的图片
缩略图生成完成！成功处理 0 个图片
